SF:lib/presentation/bloc/showHide/show_hide_state.dart
DA:4,4
DA:8,1
DA:9,2
DA:13,3
DA:17,4
DA:21,4
LF:6
LH:6
end_of_record
SF:lib/presentation/bloc/showHide/show_hide_bloc.dart
DA:8,4
DA:9,3
DA:10,4
DA:11,1
DA:13,1
LF:5
LH:5
end_of_record
SF:lib/presentation/bloc/showHide/show_hide_event.dart
DA:4,1
DA:6,0
DA:7,0
LF:3
LH:1
end_of_record
SF:lib/presentation/bloc/checkBox/check_box_state.dart
DA:4,3
DA:8,1
DA:9,2
DA:13,2
DA:17,3
DA:21,3
LF:6
LH:6
end_of_record
SF:lib/presentation/bloc/checkBox/check_box_bloc.dart
DA:8,4
DA:9,2
DA:10,2
DA:11,3
DA:12,2
DA:13,1
DA:15,1
LF:7
LH:7
end_of_record
SF:lib/presentation/bloc/checkBox/check_box_event.dart
DA:4,1
DA:6,0
DA:7,0
LF:3
LH:1
end_of_record
SF:lib/main.dart
DA:8,0
DA:9,0
DA:13,3
DA:15,1
DA:17,1
DA:21,0
DA:22,0
DA:23,0
DA:24,0
DA:25,0
DA:26,0
DA:29,0
DA:31,0
LF:13
LH:3
end_of_record
SF:lib/utils/constants/bloc_providers.dart
DA:6,3
DA:7,1
DA:8,2
DA:10,1
DA:11,2
LF:5
LH:5
end_of_record
SF:lib/utils/constants/router_config.dart
DA:7,3
DA:8,2
DA:10,1
DA:11,1
DA:14,1
DA:15,1
DA:16,1
DA:19,1
DA:23,1
DA:26,0
DA:33,1
DA:38,0
DA:43,0
DA:48,0
LF:14
LH:10
end_of_record
SF:lib/utils/constants/textstyles.dart
DA:19,2
DA:20,4
DA:21,2
DA:27,2
DA:28,4
DA:29,2
DA:35,1
DA:36,2
DA:37,1
DA:43,1
DA:44,2
DA:45,1
DA:51,1
DA:52,2
DA:53,1
LF:15
LH:15
end_of_record
SF:lib/presentation/pages/checkout.dart
DA:5,2
DA:7,1
DA:8,1
DA:12,1
DA:14,1
DA:16,1
DA:20,2
LF:7
LH:7
end_of_record
SF:lib/presentation/pages/dashboard.dart
DA:8,2
DA:10,0
DA:11,0
DA:15,0
DA:17,0
DA:19,0
DA:20,0
DA:21,0
DA:26,0
DA:27,0
DA:28,0
LF:11
LH:1
end_of_record
SF:lib/utils/constants/appbar_actions.dart
DA:7,0
DA:8,0
DA:9,0
DA:10,0
DA:11,0
DA:12,0
DA:13,0
DA:14,0
DA:15,0
LF:9
LH:0
end_of_record
SF:lib/presentation/pages/login.dart
DA:11,2
DA:13,1
DA:14,1
DA:18,1
DA:20,1
DA:22,1
DA:28,1
DA:29,2
DA:30,1
DA:31,1
DA:33,2
DA:34,3
DA:35,2
DA:36,1
DA:38,1
DA:39,1
DA:48,1
DA:49,2
LF:18
LH:18
end_of_record
SF:lib/presentation/widgets/login_section.dart
DA:12,2
DA:14,1
DA:15,1
DA:22,1
DA:24,1
DA:25,1
DA:28,1
DA:29,2
DA:30,2
DA:33,1
DA:35,1
DA:36,2
DA:37,1
DA:38,1
DA:40,1
DA:42,3
DA:44,1
DA:46,1
DA:47,1
DA:50,1
DA:51,1
DA:52,1
DA:56,2
DA:57,2
DA:58,2
DA:59,1
DA:61,1
DA:62,0
DA:65,2
DA:66,1
DA:67,1
DA:68,1
DA:70,1
DA:71,0
DA:73,1
DA:75,1
DA:76,2
DA:77,1
DA:78,0
DA:79,0
DA:81,1
DA:82,1
DA:86,1
DA:93,2
DA:94,1
DA:96,1
DA:97,1
DA:98,1
DA:99,1
DA:100,1
DA:107,2
DA:108,2
DA:111,1
DA:112,1
DA:114,1
DA:119,2
DA:120,1
DA:122,1
DA:130,0
DA:131,0
DA:134,0
DA:135,0
DA:136,0
DA:139,1
DA:141,2
DA:142,2
DA:143,1
LF:67
LH:58
end_of_record
SF:lib/presentation/widgets/core/button.dart
DA:8,1
DA:21,1
DA:35,1
DA:36,1
DA:42,1
DA:44,1
DA:63,1
DA:64,3
DA:66,1
DA:67,3
DA:68,3
DA:69,1
DA:70,1
DA:71,4
DA:73,1
DA:75,1
DA:77,1
DA:78,1
DA:79,2
DA:80,1
DA:82,2
LF:21
LH:21
end_of_record
SF:lib/presentation/widgets/core/checkbox.dart
DA:8,2
DA:13,0
DA:19,1
DA:21,1
DA:22,1
DA:23,1
DA:24,0
DA:25,0
DA:27,1
DA:28,1
DA:29,1
DA:30,1
DA:31,1
DA:32,1
DA:34,0
DA:35,1
DA:37,3
DA:38,1
DA:39,1
DA:42,1
DA:43,1
DA:44,1
DA:46,1
DA:47,1
DA:56,0
DA:57,0
DA:58,0
LF:27
LH:20
end_of_record
SF:lib/presentation/widgets/core/textfield.dart
DA:7,1
DA:35,1
DA:64,1
DA:65,1
DA:69,1
DA:71,1
DA:72,3
DA:73,1
DA:74,3
DA:75,3
DA:76,3
DA:77,3
DA:79,1
DA:80,1
DA:81,2
DA:83,1
DA:84,1
DA:85,3
DA:88,2
DA:90,1
DA:91,3
DA:92,2
DA:93,2
DA:94,2
DA:95,2
DA:96,2
DA:97,1
DA:98,2
DA:100,2
DA:103,2
DA:104,2
DA:107,2
DA:108,2
DA:109,1
DA:122,1
DA:123,2
DA:124,2
DA:125,2
LF:38
LH:38
end_of_record
SF:lib/presentation/widgets/core/split_divider.dart
DA:6,1
DA:11,1
DA:17,1
DA:19,1
DA:21,1
DA:22,1
DA:23,1
DA:24,2
DA:26,2
DA:27,3
DA:28,2
DA:29,1
DA:30,1
DA:31,2
LF:14
LH:14
end_of_record
SF:lib/presentation/widgets/cover_picture_section.dart
DA:7,0
DA:9,0
DA:11,0
DA:12,0
DA:13,0
DA:14,0
DA:15,0
DA:16,0
DA:17,0
DA:18,0
DA:20,0
DA:21,0
DA:22,0
DA:23,0
DA:24,0
DA:25,0
DA:26,0
DA:28,0
DA:33,0
DA:34,0
DA:35,0
DA:38,0
DA:39,0
DA:40,0
DA:41,0
DA:43,0
DA:44,0
DA:45,0
DA:46,0
DA:47,0
DA:48,0
DA:50,0
DA:51,0
LF:33
LH:0
end_of_record
SF:lib/presentation/widgets/profile_picture.dart
DA:6,2
DA:8,0
DA:10,0
DA:11,0
DA:12,0
DA:14,0
DA:15,0
DA:17,0
DA:20,0
DA:21,0
DA:22,0
DA:23,0
DA:24,0
DA:25,0
DA:26,0
DA:27,0
DA:32,0
DA:33,0
LF:18
LH:1
end_of_record
SF:lib/utils/constants/routes.dart
DA:8,0
DA:9,0
LF:2
LH:0
end_of_record
